2025-07-14T18:06:42.162+01:00  INFO 19044 --- [ShopmeBackEnd] [restartedMain] c.shopme.admin.ShopmeBackEndApplication  : Starting ShopmeBackEndApplication using Java 21.0.6 with PID 19044 (D:\ShopmeEcommerce\ShopmeProject\ShopmeWebParent\ShopmeBackEnd\target\classes started by khay in D:\ShopmeEcommerce\ShopmeProject\ShopmeWebParent\ShopmeBackEnd)
2025-07-14T18:06:42.162+01:00  INFO 19044 --- [ShopmeBackEnd] [restartedMain] c.shopme.admin.ShopmeBackEndApplication  : No active profile set, falling back to 1 default profile: "default"
2025-07-14T18:06:42.251+01:00  INFO 19044 --- [ShopmeBackEnd] [restartedMain] .s.d.r.c.RepositoryConfigurationDelegate : Bootstrapping Spring Data JPA repositories in DEFAULT mode.
2025-07-14T18:06:42.258+01:00  INFO 19044 --- [ShopmeBackEnd] [restartedMain] .s.d.r.c.RepositoryConfigurationDelegate : Finished Spring Data repository scanning in 5 ms. Found 2 JPA repository interfaces.
2025-07-14T18:06:42.310+01:00  INFO 19044 --- [ShopmeBackEnd] [restartedMain] o.s.b.w.embedded.tomcat.TomcatWebServer  : Tomcat initialized with port 8080 (http)
2025-07-14T18:06:42.310+01:00  INFO 19044 --- [ShopmeBackEnd] [restartedMain] o.apache.catalina.core.StandardService   : Starting service [Tomcat]
2025-07-14T18:06:42.310+01:00  INFO 19044 --- [ShopmeBackEnd] [restartedMain] o.apache.catalina.core.StandardEngine    : Starting Servlet engine: [Apache Tomcat/10.1.34]
2025-07-14T18:06:42.320+01:00  INFO 19044 --- [ShopmeBackEnd] [restartedMain] o.a.c.c.C.[.[localhost].[/ShopmeAdmin]   : Initializing Spring embedded WebApplicationContext
2025-07-14T18:06:42.320+01:00  INFO 19044 --- [ShopmeBackEnd] [restartedMain] w.s.c.ServletWebServerApplicationContext : Root WebApplicationContext: initialization completed in 157 ms
2025-07-14T18:06:42.342+01:00  INFO 19044 --- [ShopmeBackEnd] [restartedMain] o.hibernate.jpa.internal.util.LogHelper  : HHH000204: Processing PersistenceUnitInfo [name: default]
2025-07-14T18:06:42.344+01:00  INFO 19044 --- [ShopmeBackEnd] [restartedMain] o.h.c.internal.RegionFactoryInitiator    : HHH000026: Second-level cache disabled
2025-07-14T18:06:42.348+01:00  INFO 19044 --- [ShopmeBackEnd] [restartedMain] o.s.o.j.p.SpringPersistenceUnitInfo      : No LoadTimeWeaver setup: ignoring JPA class transformer
2025-07-14T18:06:42.349+01:00  INFO 19044 --- [ShopmeBackEnd] [restartedMain] com.zaxxer.hikari.HikariDataSource       : HikariPool-5 - Starting...
2025-07-14T18:06:42.356+01:00  INFO 19044 --- [ShopmeBackEnd] [restartedMain] com.zaxxer.hikari.pool.HikariPool        : HikariPool-5 - Added connection com.mysql.cj.jdbc.ConnectionImpl@43837168
2025-07-14T18:06:42.357+01:00  INFO 19044 --- [ShopmeBackEnd] [restartedMain] com.zaxxer.hikari.HikariDataSource       : HikariPool-5 - Start completed.
2025-07-14T18:06:42.357+01:00  WARN 19044 --- [ShopmeBackEnd] [restartedMain] org.hibernate.orm.deprecation            : HHH90000025: MySQL8Dialect does not need to be specified explicitly using 'hibernate.dialect' (remove the property setting and it will be selected by default)
2025-07-14T18:06:42.357+01:00  WARN 19044 --- [ShopmeBackEnd] [restartedMain] org.hibernate.orm.deprecation            : HHH90000026: MySQL8Dialect has been deprecated; use org.hibernate.dialect.MySQLDialect instead
2025-07-14T18:06:42.357+01:00  INFO 19044 --- [ShopmeBackEnd] [restartedMain] org.hibernate.orm.connections.pooling    : HHH10001005: Database info:
	Database JDBC URL [Connecting through datasource 'HikariDataSource (HikariPool-5)']
	Database driver: undefined/unknown
	Database version: 8.0
	Autocommit mode: undefined/unknown
	Isolation level: undefined/unknown
	Minimum pool size: undefined/unknown
	Maximum pool size: undefined/unknown
2025-07-14T18:06:42.384+01:00  INFO 19044 --- [ShopmeBackEnd] [restartedMain] o.h.e.t.j.p.i.JtaPlatformInitiator       : HHH000489: No JTA platform available (set 'hibernate.transaction.jta.platform' to enable JTA platform integration)
2025-07-14T18:06:42.400+01:00  INFO 19044 --- [ShopmeBackEnd] [restartedMain] j.LocalContainerEntityManagerFactoryBean : Initialized JPA EntityManagerFactory for persistence unit 'default'
2025-07-14T18:06:42.448+01:00  WARN 19044 --- [ShopmeBackEnd] [restartedMain] JpaBaseConfiguration$JpaWebConfiguration : spring.jpa.open-in-view is enabled by default. Therefore, database queries may be performed during view rendering. Explicitly configure spring.jpa.open-in-view to disable this warning
2025-07-14T18:06:42.453+01:00  INFO 19044 --- [ShopmeBackEnd] [restartedMain] eAuthenticationProviderManagerConfigurer : Global AuthenticationManager configured with AuthenticationProvider bean with name authenticationProvider
2025-07-14T18:06:42.453+01:00  WARN 19044 --- [ShopmeBackEnd] [restartedMain] r$InitializeUserDetailsManagerConfigurer : Global AuthenticationManager configured with an AuthenticationProvider bean. UserDetailsService beans will not be used by Spring Security for automatically configuring username/password login. Consider removing the AuthenticationProvider bean. Alternatively, consider using the UserDetailsService in a manually instantiated DaoAuthenticationProvider. If the current configuration is intentional, to turn off this warning, increase the logging level of 'org.springframework.security.config.annotation.authentication.configuration.InitializeUserDetailsBeanManagerConfigurer' to ERROR
2025-07-14T18:06:42.458+01:00  INFO 19044 --- [ShopmeBackEnd] [restartedMain] o.s.b.a.w.s.WelcomePageHandlerMapping    : Adding welcome page template: index
2025-07-14T18:06:42.617+01:00  WARN 19044 --- [ShopmeBackEnd] [restartedMain] o.s.s.c.a.web.builders.WebSecurity       : You are asking Spring Security to ignore Deferred [Mvc [pattern='/images/**'], Ant [pattern='/images/**']]. This is not recommended -- please use permitAll via HttpSecurity#authorizeHttpRequests instead.
2025-07-14T18:06:42.617+01:00  WARN 19044 --- [ShopmeBackEnd] [restartedMain] o.s.s.c.a.web.builders.WebSecurity       : You are asking Spring Security to ignore Deferred [Mvc [pattern='/js/**'], Ant [pattern='/js/**']]. This is not recommended -- please use permitAll via HttpSecurity#authorizeHttpRequests instead.
2025-07-14T18:06:42.617+01:00  WARN 19044 --- [ShopmeBackEnd] [restartedMain] o.s.s.c.a.web.builders.WebSecurity       : You are asking Spring Security to ignore Deferred [Mvc [pattern='/webjars/**'], Ant [pattern='/webjars/**']]. This is not recommended -- please use permitAll via HttpSecurity#authorizeHttpRequests instead.
2025-07-14T18:06:42.648+01:00  INFO 19044 --- [ShopmeBackEnd] [restartedMain] o.s.b.d.a.OptionalLiveReloadServer       : LiveReload server is running on port 35729
2025-07-14T18:06:42.655+01:00  INFO 19044 --- [ShopmeBackEnd] [restartedMain] o.s.b.w.embedded.tomcat.TomcatWebServer  : Tomcat started on port 8080 (http) with context path '/ShopmeAdmin'
2025-07-14T18:06:42.657+01:00  INFO 19044 --- [ShopmeBackEnd] [restartedMain] c.shopme.admin.ShopmeBackEndApplication  : Started ShopmeBackEndApplication in 0.551 seconds (process running for 1277.125)
2025-07-14T18:06:42.658+01:00  INFO 19044 --- [ShopmeBackEnd] [restartedMain] .ConditionEvaluationDeltaLoggingListener : Condition evaluation unchanged
2025-07-14T18:27:39.948+01:00  INFO 19044 --- [ShopmeBackEnd] [File Watcher] rtingClassPathChangeChangedEventListener : Restarting due to 1 class path change (0 additions, 0 deletions, 1 modification)
2025-07-14T18:27:39.950+01:00  INFO 19044 --- [ShopmeBackEnd] [Thread-19] o.s.b.w.e.tomcat.GracefulShutdown        : Commencing graceful shutdown. Waiting for active requests to complete
2025-07-14T18:27:39.968+01:00  INFO 19044 --- [ShopmeBackEnd] [tomcat-shutdown] o.s.b.w.e.tomcat.GracefulShutdown        : Graceful shutdown complete
2025-07-14T18:27:39.971+01:00  INFO 19044 --- [ShopmeBackEnd] [Thread-19] j.LocalContainerEntityManagerFactoryBean : Closing JPA EntityManagerFactory for persistence unit 'default'
2025-07-14T18:27:39.971+01:00  INFO 19044 --- [ShopmeBackEnd] [Thread-19] com.zaxxer.hikari.HikariDataSource       : HikariPool-5 - Shutdown initiated...
2025-07-14T18:27:39.977+01:00  INFO 19044 --- [ShopmeBackEnd] [Thread-19] com.zaxxer.hikari.HikariDataSource       : HikariPool-5 - Shutdown completed.
2025-07-14T18:27:40.052+01:00  INFO 19044 --- [ShopmeBackEnd] [restartedMain] c.shopme.admin.ShopmeBackEndApplication  : Starting ShopmeBackEndApplication using Java 21.0.6 with PID 19044 (D:\ShopmeEcommerce\ShopmeProject\ShopmeWebParent\ShopmeBackEnd\target\classes started by khay in D:\ShopmeEcommerce\ShopmeProject\ShopmeWebParent\ShopmeBackEnd)
2025-07-14T18:27:40.052+01:00  INFO 19044 --- [ShopmeBackEnd] [restartedMain] c.shopme.admin.ShopmeBackEndApplication  : No active profile set, falling back to 1 default profile: "default"
2025-07-14T18:27:40.192+01:00  INFO 19044 --- [ShopmeBackEnd] [restartedMain] .s.d.r.c.RepositoryConfigurationDelegate : Bootstrapping Spring Data JPA repositories in DEFAULT mode.
2025-07-14T18:27:40.198+01:00  INFO 19044 --- [ShopmeBackEnd] [restartedMain] .s.d.r.c.RepositoryConfigurationDelegate : Finished Spring Data repository scanning in 5 ms. Found 2 JPA repository interfaces.
2025-07-14T18:27:40.267+01:00  INFO 19044 --- [ShopmeBackEnd] [restartedMain] o.s.b.w.embedded.tomcat.TomcatWebServer  : Tomcat initialized with port 8080 (http)
2025-07-14T18:27:40.269+01:00  INFO 19044 --- [ShopmeBackEnd] [restartedMain] o.apache.catalina.core.StandardService   : Starting service [Tomcat]
2025-07-14T18:27:40.269+01:00  INFO 19044 --- [ShopmeBackEnd] [restartedMain] o.apache.catalina.core.StandardEngine    : Starting Servlet engine: [Apache Tomcat/10.1.34]
2025-07-14T18:27:40.280+01:00  INFO 19044 --- [ShopmeBackEnd] [restartedMain] o.a.c.c.C.[.[localhost].[/ShopmeAdmin]   : Initializing Spring embedded WebApplicationContext
2025-07-14T18:27:40.280+01:00  INFO 19044 --- [ShopmeBackEnd] [restartedMain] w.s.c.ServletWebServerApplicationContext : Root WebApplicationContext: initialization completed in 227 ms
2025-07-14T18:27:40.312+01:00  INFO 19044 --- [ShopmeBackEnd] [restartedMain] o.hibernate.jpa.internal.util.LogHelper  : HHH000204: Processing PersistenceUnitInfo [name: default]
2025-07-14T18:27:40.313+01:00  INFO 19044 --- [ShopmeBackEnd] [restartedMain] o.h.c.internal.RegionFactoryInitiator    : HHH000026: Second-level cache disabled
2025-07-14T18:27:40.320+01:00  INFO 19044 --- [ShopmeBackEnd] [restartedMain] o.s.o.j.p.SpringPersistenceUnitInfo      : No LoadTimeWeaver setup: ignoring JPA class transformer
2025-07-14T18:27:40.321+01:00  INFO 19044 --- [ShopmeBackEnd] [restartedMain] com.zaxxer.hikari.HikariDataSource       : HikariPool-6 - Starting...
2025-07-14T18:27:40.335+01:00  INFO 19044 --- [ShopmeBackEnd] [restartedMain] com.zaxxer.hikari.pool.HikariPool        : HikariPool-6 - Added connection com.mysql.cj.jdbc.ConnectionImpl@1a2824fc
2025-07-14T18:27:40.335+01:00  INFO 19044 --- [ShopmeBackEnd] [restartedMain] com.zaxxer.hikari.HikariDataSource       : HikariPool-6 - Start completed.
2025-07-14T18:27:40.336+01:00  WARN 19044 --- [ShopmeBackEnd] [restartedMain] org.hibernate.orm.deprecation            : HHH90000025: MySQL8Dialect does not need to be specified explicitly using 'hibernate.dialect' (remove the property setting and it will be selected by default)
2025-07-14T18:27:40.336+01:00  WARN 19044 --- [ShopmeBackEnd] [restartedMain] org.hibernate.orm.deprecation            : HHH90000026: MySQL8Dialect has been deprecated; use org.hibernate.dialect.MySQLDialect instead
2025-07-14T18:27:40.336+01:00  INFO 19044 --- [ShopmeBackEnd] [restartedMain] org.hibernate.orm.connections.pooling    : HHH10001005: Database info:
	Database JDBC URL [Connecting through datasource 'HikariDataSource (HikariPool-6)']
	Database driver: undefined/unknown
	Database version: 8.0
	Autocommit mode: undefined/unknown
	Isolation level: undefined/unknown
	Minimum pool size: undefined/unknown
	Maximum pool size: undefined/unknown
2025-07-14T18:27:40.367+01:00  INFO 19044 --- [ShopmeBackEnd] [restartedMain] o.h.e.t.j.p.i.JtaPlatformInitiator       : HHH000489: No JTA platform available (set 'hibernate.transaction.jta.platform' to enable JTA platform integration)
2025-07-14T18:27:40.392+01:00  INFO 19044 --- [ShopmeBackEnd] [restartedMain] j.LocalContainerEntityManagerFactoryBean : Initialized JPA EntityManagerFactory for persistence unit 'default'
2025-07-14T18:27:40.473+01:00  WARN 19044 --- [ShopmeBackEnd] [restartedMain] JpaBaseConfiguration$JpaWebConfiguration : spring.jpa.open-in-view is enabled by default. Therefore, database queries may be performed during view rendering. Explicitly configure spring.jpa.open-in-view to disable this warning
2025-07-14T18:27:40.478+01:00  INFO 19044 --- [ShopmeBackEnd] [restartedMain] eAuthenticationProviderManagerConfigurer : Global AuthenticationManager configured with AuthenticationProvider bean with name authenticationProvider
2025-07-14T18:27:40.478+01:00  WARN 19044 --- [ShopmeBackEnd] [restartedMain] r$InitializeUserDetailsManagerConfigurer : Global AuthenticationManager configured with an AuthenticationProvider bean. UserDetailsService beans will not be used by Spring Security for automatically configuring username/password login. Consider removing the AuthenticationProvider bean. Alternatively, consider using the UserDetailsService in a manually instantiated DaoAuthenticationProvider. If the current configuration is intentional, to turn off this warning, increase the logging level of 'org.springframework.security.config.annotation.authentication.configuration.InitializeUserDetailsBeanManagerConfigurer' to ERROR
2025-07-14T18:27:40.485+01:00  INFO 19044 --- [ShopmeBackEnd] [restartedMain] o.s.b.a.w.s.WelcomePageHandlerMapping    : Adding welcome page template: index
2025-07-14T18:27:40.632+01:00  WARN 19044 --- [ShopmeBackEnd] [restartedMain] o.s.s.c.a.web.builders.WebSecurity       : You are asking Spring Security to ignore Deferred [Mvc [pattern='/images/**'], Ant [pattern='/images/**']]. This is not recommended -- please use permitAll via HttpSecurity#authorizeHttpRequests instead.
2025-07-14T18:27:40.633+01:00  WARN 19044 --- [ShopmeBackEnd] [restartedMain] o.s.s.c.a.web.builders.WebSecurity       : You are asking Spring Security to ignore Deferred [Mvc [pattern='/js/**'], Ant [pattern='/js/**']]. This is not recommended -- please use permitAll via HttpSecurity#authorizeHttpRequests instead.
2025-07-14T18:27:40.633+01:00  WARN 19044 --- [ShopmeBackEnd] [restartedMain] o.s.s.c.a.web.builders.WebSecurity       : You are asking Spring Security to ignore Deferred [Mvc [pattern='/webjars/**'], Ant [pattern='/webjars/**']]. This is not recommended -- please use permitAll via HttpSecurity#authorizeHttpRequests instead.
2025-07-14T18:27:40.694+01:00  INFO 19044 --- [ShopmeBackEnd] [restartedMain] o.s.b.d.a.OptionalLiveReloadServer       : LiveReload server is running on port 35729
2025-07-14T18:27:40.704+01:00  INFO 19044 --- [ShopmeBackEnd] [restartedMain] o.s.b.w.embedded.tomcat.TomcatWebServer  : Tomcat started on port 8080 (http) with context path '/ShopmeAdmin'
2025-07-14T18:27:40.707+01:00  INFO 19044 --- [ShopmeBackEnd] [restartedMain] c.shopme.admin.ShopmeBackEndApplication  : Started ShopmeBackEndApplication in 0.674 seconds (process running for 2535.176)
2025-07-14T18:27:40.709+01:00  INFO 19044 --- [ShopmeBackEnd] [restartedMain] .ConditionEvaluationDeltaLoggingListener : Condition evaluation unchanged
2025-07-14T18:28:44.297+01:00  INFO 19044 --- [ShopmeBackEnd] [File Watcher] rtingClassPathChangeChangedEventListener : Restarting due to 1 class path change (0 additions, 0 deletions, 1 modification)
2025-07-14T18:28:44.298+01:00  INFO 19044 --- [ShopmeBackEnd] [Thread-23] o.s.b.w.e.tomcat.GracefulShutdown        : Commencing graceful shutdown. Waiting for active requests to complete
2025-07-14T18:28:44.322+01:00  INFO 19044 --- [ShopmeBackEnd] [tomcat-shutdown] o.s.b.w.e.tomcat.GracefulShutdown        : Graceful shutdown complete
2025-07-14T18:28:44.324+01:00  INFO 19044 --- [ShopmeBackEnd] [Thread-23] j.LocalContainerEntityManagerFactoryBean : Closing JPA EntityManagerFactory for persistence unit 'default'
2025-07-14T18:28:44.324+01:00  INFO 19044 --- [ShopmeBackEnd] [Thread-23] com.zaxxer.hikari.HikariDataSource       : HikariPool-6 - Shutdown initiated...
2025-07-14T18:28:44.327+01:00  INFO 19044 --- [ShopmeBackEnd] [Thread-23] com.zaxxer.hikari.HikariDataSource       : HikariPool-6 - Shutdown completed.
2025-07-14T18:28:44.377+01:00  INFO 19044 --- [ShopmeBackEnd] [restartedMain] c.shopme.admin.ShopmeBackEndApplication  : Starting ShopmeBackEndApplication using Java 21.0.6 with PID 19044 (D:\ShopmeEcommerce\ShopmeProject\ShopmeWebParent\ShopmeBackEnd\target\classes started by khay in D:\ShopmeEcommerce\ShopmeProject\ShopmeWebParent\ShopmeBackEnd)
2025-07-14T18:28:44.378+01:00  INFO 19044 --- [ShopmeBackEnd] [restartedMain] c.shopme.admin.ShopmeBackEndApplication  : No active profile set, falling back to 1 default profile: "default"
2025-07-14T18:28:44.483+01:00  INFO 19044 --- [ShopmeBackEnd] [restartedMain] .s.d.r.c.RepositoryConfigurationDelegate : Bootstrapping Spring Data JPA repositories in DEFAULT mode.
2025-07-14T18:28:44.490+01:00  INFO 19044 --- [ShopmeBackEnd] [restartedMain] .s.d.r.c.RepositoryConfigurationDelegate : Finished Spring Data repository scanning in 6 ms. Found 2 JPA repository interfaces.
2025-07-14T18:28:44.540+01:00  INFO 19044 --- [ShopmeBackEnd] [restartedMain] o.s.b.w.embedded.tomcat.TomcatWebServer  : Tomcat initialized with port 8080 (http)
2025-07-14T18:28:44.541+01:00  INFO 19044 --- [ShopmeBackEnd] [restartedMain] o.apache.catalina.core.StandardService   : Starting service [Tomcat]
2025-07-14T18:28:44.541+01:00  INFO 19044 --- [ShopmeBackEnd] [restartedMain] o.apache.catalina.core.StandardEngine    : Starting Servlet engine: [Apache Tomcat/10.1.34]
2025-07-14T18:28:44.553+01:00  INFO 19044 --- [ShopmeBackEnd] [restartedMain] o.a.c.c.C.[.[localhost].[/ShopmeAdmin]   : Initializing Spring embedded WebApplicationContext
2025-07-14T18:28:44.553+01:00  INFO 19044 --- [ShopmeBackEnd] [restartedMain] w.s.c.ServletWebServerApplicationContext : Root WebApplicationContext: initialization completed in 174 ms
2025-07-14T18:28:44.577+01:00  INFO 19044 --- [ShopmeBackEnd] [restartedMain] o.hibernate.jpa.internal.util.LogHelper  : HHH000204: Processing PersistenceUnitInfo [name: default]
2025-07-14T18:28:44.578+01:00  INFO 19044 --- [ShopmeBackEnd] [restartedMain] o.h.c.internal.RegionFactoryInitiator    : HHH000026: Second-level cache disabled
2025-07-14T18:28:44.583+01:00  INFO 19044 --- [ShopmeBackEnd] [restartedMain] o.s.o.j.p.SpringPersistenceUnitInfo      : No LoadTimeWeaver setup: ignoring JPA class transformer
2025-07-14T18:28:44.584+01:00  INFO 19044 --- [ShopmeBackEnd] [restartedMain] com.zaxxer.hikari.HikariDataSource       : HikariPool-7 - Starting...
2025-07-14T18:28:44.592+01:00  INFO 19044 --- [ShopmeBackEnd] [restartedMain] com.zaxxer.hikari.pool.HikariPool        : HikariPool-7 - Added connection com.mysql.cj.jdbc.ConnectionImpl@366e64ce
2025-07-14T18:28:44.592+01:00  INFO 19044 --- [ShopmeBackEnd] [restartedMain] com.zaxxer.hikari.HikariDataSource       : HikariPool-7 - Start completed.
2025-07-14T18:28:44.592+01:00  WARN 19044 --- [ShopmeBackEnd] [restartedMain] org.hibernate.orm.deprecation            : HHH90000025: MySQL8Dialect does not need to be specified explicitly using 'hibernate.dialect' (remove the property setting and it will be selected by default)
2025-07-14T18:28:44.592+01:00  WARN 19044 --- [ShopmeBackEnd] [restartedMain] org.hibernate.orm.deprecation            : HHH90000026: MySQL8Dialect has been deprecated; use org.hibernate.dialect.MySQLDialect instead
2025-07-14T18:28:44.593+01:00  INFO 19044 --- [ShopmeBackEnd] [restartedMain] org.hibernate.orm.connections.pooling    : HHH10001005: Database info:
	Database JDBC URL [Connecting through datasource 'HikariDataSource (HikariPool-7)']
	Database driver: undefined/unknown
	Database version: 8.0
	Autocommit mode: undefined/unknown
	Isolation level: undefined/unknown
	Minimum pool size: undefined/unknown
	Maximum pool size: undefined/unknown
2025-07-14T18:28:44.620+01:00  INFO 19044 --- [ShopmeBackEnd] [restartedMain] o.h.e.t.j.p.i.JtaPlatformInitiator       : HHH000489: No JTA platform available (set 'hibernate.transaction.jta.platform' to enable JTA platform integration)
2025-07-14T18:28:44.635+01:00  INFO 19044 --- [ShopmeBackEnd] [restartedMain] j.LocalContainerEntityManagerFactoryBean : Initialized JPA EntityManagerFactory for persistence unit 'default'
2025-07-14T18:28:44.691+01:00  WARN 19044 --- [ShopmeBackEnd] [restartedMain] JpaBaseConfiguration$JpaWebConfiguration : spring.jpa.open-in-view is enabled by default. Therefore, database queries may be performed during view rendering. Explicitly configure spring.jpa.open-in-view to disable this warning
2025-07-14T18:28:44.706+01:00  INFO 19044 --- [ShopmeBackEnd] [restartedMain] eAuthenticationProviderManagerConfigurer : Global AuthenticationManager configured with AuthenticationProvider bean with name authenticationProvider
2025-07-14T18:28:44.706+01:00  WARN 19044 --- [ShopmeBackEnd] [restartedMain] r$InitializeUserDetailsManagerConfigurer : Global AuthenticationManager configured with an AuthenticationProvider bean. UserDetailsService beans will not be used by Spring Security for automatically configuring username/password login. Consider removing the AuthenticationProvider bean. Alternatively, consider using the UserDetailsService in a manually instantiated DaoAuthenticationProvider. If the current configuration is intentional, to turn off this warning, increase the logging level of 'org.springframework.security.config.annotation.authentication.configuration.InitializeUserDetailsBeanManagerConfigurer' to ERROR
2025-07-14T18:28:44.711+01:00  INFO 19044 --- [ShopmeBackEnd] [restartedMain] o.s.b.a.w.s.WelcomePageHandlerMapping    : Adding welcome page template: index
2025-07-14T18:28:44.850+01:00  WARN 19044 --- [ShopmeBackEnd] [restartedMain] o.s.s.c.a.web.builders.WebSecurity       : You are asking Spring Security to ignore Deferred [Mvc [pattern='/images/**'], Ant [pattern='/images/**']]. This is not recommended -- please use permitAll via HttpSecurity#authorizeHttpRequests instead.
2025-07-14T18:28:44.850+01:00  WARN 19044 --- [ShopmeBackEnd] [restartedMain] o.s.s.c.a.web.builders.WebSecurity       : You are asking Spring Security to ignore Deferred [Mvc [pattern='/js/**'], Ant [pattern='/js/**']]. This is not recommended -- please use permitAll via HttpSecurity#authorizeHttpRequests instead.
2025-07-14T18:28:44.850+01:00  WARN 19044 --- [ShopmeBackEnd] [restartedMain] o.s.s.c.a.web.builders.WebSecurity       : You are asking Spring Security to ignore Deferred [Mvc [pattern='/webjars/**'], Ant [pattern='/webjars/**']]. This is not recommended -- please use permitAll via HttpSecurity#authorizeHttpRequests instead.
2025-07-14T18:28:44.880+01:00  INFO 19044 --- [ShopmeBackEnd] [restartedMain] o.s.b.d.a.OptionalLiveReloadServer       : LiveReload server is running on port 35729
2025-07-14T18:28:44.887+01:00  INFO 19044 --- [ShopmeBackEnd] [restartedMain] o.s.b.w.embedded.tomcat.TomcatWebServer  : Tomcat started on port 8080 (http) with context path '/ShopmeAdmin'
2025-07-14T18:28:44.889+01:00  INFO 19044 --- [ShopmeBackEnd] [restartedMain] c.shopme.admin.ShopmeBackEndApplication  : Started ShopmeBackEndApplication in 0.523 seconds (process running for 2599.356)
2025-07-14T18:28:44.890+01:00  INFO 19044 --- [ShopmeBackEnd] [restartedMain] .ConditionEvaluationDeltaLoggingListener : Condition evaluation unchanged
2025-07-14T18:28:48.345+01:00  INFO 19044 --- [ShopmeBackEnd] [File Watcher] rtingClassPathChangeChangedEventListener : Restarting due to 1 class path change (0 additions, 0 deletions, 1 modification)
2025-07-14T18:28:48.347+01:00  INFO 19044 --- [ShopmeBackEnd] [Thread-27] o.s.b.w.e.tomcat.GracefulShutdown        : Commencing graceful shutdown. Waiting for active requests to complete
2025-07-14T18:28:48.367+01:00  INFO 19044 --- [ShopmeBackEnd] [tomcat-shutdown] o.s.b.w.e.tomcat.GracefulShutdown        : Graceful shutdown complete
2025-07-14T18:28:48.368+01:00  INFO 19044 --- [ShopmeBackEnd] [Thread-27] j.LocalContainerEntityManagerFactoryBean : Closing JPA EntityManagerFactory for persistence unit 'default'
2025-07-14T18:28:48.369+01:00  INFO 19044 --- [ShopmeBackEnd] [Thread-27] com.zaxxer.hikari.HikariDataSource       : HikariPool-7 - Shutdown initiated...
2025-07-14T18:28:48.371+01:00  INFO 19044 --- [ShopmeBackEnd] [Thread-27] com.zaxxer.hikari.HikariDataSource       : HikariPool-7 - Shutdown completed.
2025-07-14T18:28:48.423+01:00  INFO 19044 --- [ShopmeBackEnd] [restartedMain] c.shopme.admin.ShopmeBackEndApplication  : Starting ShopmeBackEndApplication using Java 21.0.6 with PID 19044 (D:\ShopmeEcommerce\ShopmeProject\ShopmeWebParent\ShopmeBackEnd\target\classes started by khay in D:\ShopmeEcommerce\ShopmeProject\ShopmeWebParent\ShopmeBackEnd)
2025-07-14T18:28:48.423+01:00  INFO 19044 --- [ShopmeBackEnd] [restartedMain] c.shopme.admin.ShopmeBackEndApplication  : No active profile set, falling back to 1 default profile: "default"
2025-07-14T18:28:48.534+01:00  INFO 19044 --- [ShopmeBackEnd] [restartedMain] .s.d.r.c.RepositoryConfigurationDelegate : Bootstrapping Spring Data JPA repositories in DEFAULT mode.
2025-07-14T18:28:48.540+01:00  INFO 19044 --- [ShopmeBackEnd] [restartedMain] .s.d.r.c.RepositoryConfigurationDelegate : Finished Spring Data repository scanning in 5 ms. Found 2 JPA repository interfaces.
2025-07-14T18:28:48.590+01:00  INFO 19044 --- [ShopmeBackEnd] [restartedMain] o.s.b.w.embedded.tomcat.TomcatWebServer  : Tomcat initialized with port 8080 (http)
2025-07-14T18:28:48.591+01:00  INFO 19044 --- [ShopmeBackEnd] [restartedMain] o.apache.catalina.core.StandardService   : Starting service [Tomcat]
2025-07-14T18:28:48.591+01:00  INFO 19044 --- [ShopmeBackEnd] [restartedMain] o.apache.catalina.core.StandardEngine    : Starting Servlet engine: [Apache Tomcat/10.1.34]
2025-07-14T18:28:48.602+01:00  INFO 19044 --- [ShopmeBackEnd] [restartedMain] o.a.c.c.C.[.[localhost].[/ShopmeAdmin]   : Initializing Spring embedded WebApplicationContext
2025-07-14T18:28:48.603+01:00  INFO 19044 --- [ShopmeBackEnd] [restartedMain] w.s.c.ServletWebServerApplicationContext : Root WebApplicationContext: initialization completed in 179 ms
2025-07-14T18:28:48.627+01:00  INFO 19044 --- [ShopmeBackEnd] [restartedMain] o.hibernate.jpa.internal.util.LogHelper  : HHH000204: Processing PersistenceUnitInfo [name: default]
2025-07-14T18:28:48.629+01:00  INFO 19044 --- [ShopmeBackEnd] [restartedMain] o.h.c.internal.RegionFactoryInitiator    : HHH000026: Second-level cache disabled
2025-07-14T18:28:48.634+01:00  INFO 19044 --- [ShopmeBackEnd] [restartedMain] o.s.o.j.p.SpringPersistenceUnitInfo      : No LoadTimeWeaver setup: ignoring JPA class transformer
2025-07-14T18:28:48.635+01:00  INFO 19044 --- [ShopmeBackEnd] [restartedMain] com.zaxxer.hikari.HikariDataSource       : HikariPool-8 - Starting...
2025-07-14T18:28:48.643+01:00  INFO 19044 --- [ShopmeBackEnd] [restartedMain] com.zaxxer.hikari.pool.HikariPool        : HikariPool-8 - Added connection com.mysql.cj.jdbc.ConnectionImpl@247e0513
2025-07-14T18:28:48.643+01:00  INFO 19044 --- [ShopmeBackEnd] [restartedMain] com.zaxxer.hikari.HikariDataSource       : HikariPool-8 - Start completed.
2025-07-14T18:28:48.643+01:00  WARN 19044 --- [ShopmeBackEnd] [restartedMain] org.hibernate.orm.deprecation            : HHH90000025: MySQL8Dialect does not need to be specified explicitly using 'hibernate.dialect' (remove the property setting and it will be selected by default)
2025-07-14T18:28:48.644+01:00  WARN 19044 --- [ShopmeBackEnd] [restartedMain] org.hibernate.orm.deprecation            : HHH90000026: MySQL8Dialect has been deprecated; use org.hibernate.dialect.MySQLDialect instead
2025-07-14T18:28:48.644+01:00  INFO 19044 --- [ShopmeBackEnd] [restartedMain] org.hibernate.orm.connections.pooling    : HHH10001005: Database info:
	Database JDBC URL [Connecting through datasource 'HikariDataSource (HikariPool-8)']
	Database driver: undefined/unknown
	Database version: 8.0
	Autocommit mode: undefined/unknown
	Isolation level: undefined/unknown
	Minimum pool size: undefined/unknown
	Maximum pool size: undefined/unknown
2025-07-14T18:28:48.669+01:00  INFO 19044 --- [ShopmeBackEnd] [restartedMain] o.h.e.t.j.p.i.JtaPlatformInitiator       : HHH000489: No JTA platform available (set 'hibernate.transaction.jta.platform' to enable JTA platform integration)
2025-07-14T18:28:48.683+01:00  INFO 19044 --- [ShopmeBackEnd] [restartedMain] j.LocalContainerEntityManagerFactoryBean : Initialized JPA EntityManagerFactory for persistence unit 'default'
2025-07-14T18:28:48.730+01:00  WARN 19044 --- [ShopmeBackEnd] [restartedMain] JpaBaseConfiguration$JpaWebConfiguration : spring.jpa.open-in-view is enabled by default. Therefore, database queries may be performed during view rendering. Explicitly configure spring.jpa.open-in-view to disable this warning
2025-07-14T18:28:48.734+01:00  INFO 19044 --- [ShopmeBackEnd] [restartedMain] eAuthenticationProviderManagerConfigurer : Global AuthenticationManager configured with AuthenticationProvider bean with name authenticationProvider
2025-07-14T18:28:48.735+01:00  WARN 19044 --- [ShopmeBackEnd] [restartedMain] r$InitializeUserDetailsManagerConfigurer : Global AuthenticationManager configured with an AuthenticationProvider bean. UserDetailsService beans will not be used by Spring Security for automatically configuring username/password login. Consider removing the AuthenticationProvider bean. Alternatively, consider using the UserDetailsService in a manually instantiated DaoAuthenticationProvider. If the current configuration is intentional, to turn off this warning, increase the logging level of 'org.springframework.security.config.annotation.authentication.configuration.InitializeUserDetailsBeanManagerConfigurer' to ERROR
2025-07-14T18:28:48.739+01:00  INFO 19044 --- [ShopmeBackEnd] [restartedMain] o.s.b.a.w.s.WelcomePageHandlerMapping    : Adding welcome page template: index
2025-07-14T18:28:48.883+01:00  WARN 19044 --- [ShopmeBackEnd] [restartedMain] o.s.s.c.a.web.builders.WebSecurity       : You are asking Spring Security to ignore Deferred [Mvc [pattern='/images/**'], Ant [pattern='/images/**']]. This is not recommended -- please use permitAll via HttpSecurity#authorizeHttpRequests instead.
2025-07-14T18:28:48.883+01:00  WARN 19044 --- [ShopmeBackEnd] [restartedMain] o.s.s.c.a.web.builders.WebSecurity       : You are asking Spring Security to ignore Deferred [Mvc [pattern='/js/**'], Ant [pattern='/js/**']]. This is not recommended -- please use permitAll via HttpSecurity#authorizeHttpRequests instead.
2025-07-14T18:28:48.883+01:00  WARN 19044 --- [ShopmeBackEnd] [restartedMain] o.s.s.c.a.web.builders.WebSecurity       : You are asking Spring Security to ignore Deferred [Mvc [pattern='/webjars/**'], Ant [pattern='/webjars/**']]. This is not recommended -- please use permitAll via HttpSecurity#authorizeHttpRequests instead.
2025-07-14T18:28:48.909+01:00  INFO 19044 --- [ShopmeBackEnd] [restartedMain] o.s.b.d.a.OptionalLiveReloadServer       : LiveReload server is running on port 35729
2025-07-14T18:28:48.916+01:00  INFO 19044 --- [ShopmeBackEnd] [restartedMain] o.s.b.w.embedded.tomcat.TomcatWebServer  : Tomcat started on port 8080 (http) with context path '/ShopmeAdmin'
2025-07-14T18:28:48.918+01:00  INFO 19044 --- [ShopmeBackEnd] [restartedMain] c.shopme.admin.ShopmeBackEndApplication  : Started ShopmeBackEndApplication in 0.507 seconds (process running for 2603.385)
2025-07-14T18:28:48.918+01:00  INFO 19044 --- [ShopmeBackEnd] [restartedMain] .ConditionEvaluationDeltaLoggingListener : Condition evaluation unchanged
2025-07-14T18:29:22.943+01:00  INFO 19044 --- [ShopmeBackEnd] [File Watcher] rtingClassPathChangeChangedEventListener : Restarting due to 1 class path change (0 additions, 0 deletions, 1 modification)
2025-07-14T18:29:22.944+01:00  INFO 19044 --- [ShopmeBackEnd] [Thread-31] o.s.b.w.e.tomcat.GracefulShutdown        : Commencing graceful shutdown. Waiting for active requests to complete
2025-07-14T18:29:22.961+01:00  INFO 19044 --- [ShopmeBackEnd] [tomcat-shutdown] o.s.b.w.e.tomcat.GracefulShutdown        : Graceful shutdown complete
2025-07-14T18:29:22.962+01:00  INFO 19044 --- [ShopmeBackEnd] [Thread-31] j.LocalContainerEntityManagerFactoryBean : Closing JPA EntityManagerFactory for persistence unit 'default'
2025-07-14T18:29:22.963+01:00  INFO 19044 --- [ShopmeBackEnd] [Thread-31] com.zaxxer.hikari.HikariDataSource       : HikariPool-8 - Shutdown initiated...
2025-07-14T18:29:22.967+01:00  INFO 19044 --- [ShopmeBackEnd] [Thread-31] com.zaxxer.hikari.HikariDataSource       : HikariPool-8 - Shutdown completed.
2025-07-14T18:29:23.019+01:00  INFO 19044 --- [ShopmeBackEnd] [restartedMain] c.shopme.admin.ShopmeBackEndApplication  : Starting ShopmeBackEndApplication using Java 21.0.6 with PID 19044 (D:\ShopmeEcommerce\ShopmeProject\ShopmeWebParent\ShopmeBackEnd\target\classes started by khay in D:\ShopmeEcommerce\ShopmeProject\ShopmeWebParent\ShopmeBackEnd)
2025-07-14T18:29:23.019+01:00  INFO 19044 --- [ShopmeBackEnd] [restartedMain] c.shopme.admin.ShopmeBackEndApplication  : No active profile set, falling back to 1 default profile: "default"
2025-07-14T18:29:23.128+01:00  INFO 19044 --- [ShopmeBackEnd] [restartedMain] .s.d.r.c.RepositoryConfigurationDelegate : Bootstrapping Spring Data JPA repositories in DEFAULT mode.
2025-07-14T18:29:23.134+01:00  INFO 19044 --- [ShopmeBackEnd] [restartedMain] .s.d.r.c.RepositoryConfigurationDelegate : Finished Spring Data repository scanning in 5 ms. Found 2 JPA repository interfaces.
2025-07-14T18:29:23.186+01:00  INFO 19044 --- [ShopmeBackEnd] [restartedMain] o.s.b.w.embedded.tomcat.TomcatWebServer  : Tomcat initialized with port 8080 (http)
2025-07-14T18:29:23.186+01:00  INFO 19044 --- [ShopmeBackEnd] [restartedMain] o.apache.catalina.core.StandardService   : Starting service [Tomcat]
2025-07-14T18:29:23.186+01:00  INFO 19044 --- [ShopmeBackEnd] [restartedMain] o.apache.catalina.core.StandardEngine    : Starting Servlet engine: [Apache Tomcat/10.1.34]
2025-07-14T18:29:23.197+01:00  INFO 19044 --- [ShopmeBackEnd] [restartedMain] o.a.c.c.C.[.[localhost].[/ShopmeAdmin]   : Initializing Spring embedded WebApplicationContext
2025-07-14T18:29:23.197+01:00  INFO 19044 --- [ShopmeBackEnd] [restartedMain] w.s.c.ServletWebServerApplicationContext : Root WebApplicationContext: initialization completed in 177 ms
2025-07-14T18:29:23.220+01:00  INFO 19044 --- [ShopmeBackEnd] [restartedMain] o.hibernate.jpa.internal.util.LogHelper  : HHH000204: Processing PersistenceUnitInfo [name: default]
2025-07-14T18:29:23.222+01:00  INFO 19044 --- [ShopmeBackEnd] [restartedMain] o.h.c.internal.RegionFactoryInitiator    : HHH000026: Second-level cache disabled
2025-07-14T18:29:23.226+01:00  INFO 19044 --- [ShopmeBackEnd] [restartedMain] o.s.o.j.p.SpringPersistenceUnitInfo      : No LoadTimeWeaver setup: ignoring JPA class transformer
2025-07-14T18:29:23.227+01:00  INFO 19044 --- [ShopmeBackEnd] [restartedMain] com.zaxxer.hikari.HikariDataSource       : HikariPool-9 - Starting...
2025-07-14T18:29:23.235+01:00  INFO 19044 --- [ShopmeBackEnd] [restartedMain] com.zaxxer.hikari.pool.HikariPool        : HikariPool-9 - Added connection com.mysql.cj.jdbc.ConnectionImpl@742024be
2025-07-14T18:29:23.235+01:00  INFO 19044 --- [ShopmeBackEnd] [restartedMain] com.zaxxer.hikari.HikariDataSource       : HikariPool-9 - Start completed.
2025-07-14T18:29:23.235+01:00  WARN 19044 --- [ShopmeBackEnd] [restartedMain] org.hibernate.orm.deprecation            : HHH90000025: MySQL8Dialect does not need to be specified explicitly using 'hibernate.dialect' (remove the property setting and it will be selected by default)
2025-07-14T18:29:23.235+01:00  WARN 19044 --- [ShopmeBackEnd] [restartedMain] org.hibernate.orm.deprecation            : HHH90000026: MySQL8Dialect has been deprecated; use org.hibernate.dialect.MySQLDialect instead
2025-07-14T18:29:23.235+01:00  INFO 19044 --- [ShopmeBackEnd] [restartedMain] org.hibernate.orm.connections.pooling    : HHH10001005: Database info:
	Database JDBC URL [Connecting through datasource 'HikariDataSource (HikariPool-9)']
	Database driver: undefined/unknown
	Database version: 8.0
	Autocommit mode: undefined/unknown
	Isolation level: undefined/unknown
	Minimum pool size: undefined/unknown
	Maximum pool size: undefined/unknown
2025-07-14T18:29:23.258+01:00  INFO 19044 --- [ShopmeBackEnd] [restartedMain] o.h.e.t.j.p.i.JtaPlatformInitiator       : HHH000489: No JTA platform available (set 'hibernate.transaction.jta.platform' to enable JTA platform integration)
2025-07-14T18:29:23.269+01:00  INFO 19044 --- [ShopmeBackEnd] [restartedMain] j.LocalContainerEntityManagerFactoryBean : Initialized JPA EntityManagerFactory for persistence unit 'default'
2025-07-14T18:29:23.312+01:00  WARN 19044 --- [ShopmeBackEnd] [restartedMain] JpaBaseConfiguration$JpaWebConfiguration : spring.jpa.open-in-view is enabled by default. Therefore, database queries may be performed during view rendering. Explicitly configure spring.jpa.open-in-view to disable this warning
2025-07-14T18:29:23.316+01:00  INFO 19044 --- [ShopmeBackEnd] [restartedMain] eAuthenticationProviderManagerConfigurer : Global AuthenticationManager configured with AuthenticationProvider bean with name authenticationProvider
2025-07-14T18:29:23.316+01:00  WARN 19044 --- [ShopmeBackEnd] [restartedMain] r$InitializeUserDetailsManagerConfigurer : Global AuthenticationManager configured with an AuthenticationProvider bean. UserDetailsService beans will not be used by Spring Security for automatically configuring username/password login. Consider removing the AuthenticationProvider bean. Alternatively, consider using the UserDetailsService in a manually instantiated DaoAuthenticationProvider. If the current configuration is intentional, to turn off this warning, increase the logging level of 'org.springframework.security.config.annotation.authentication.configuration.InitializeUserDetailsBeanManagerConfigurer' to ERROR
2025-07-14T18:29:23.321+01:00  INFO 19044 --- [ShopmeBackEnd] [restartedMain] o.s.b.a.w.s.WelcomePageHandlerMapping    : Adding welcome page template: index
2025-07-14T18:29:23.468+01:00  WARN 19044 --- [ShopmeBackEnd] [restartedMain] o.s.s.c.a.web.builders.WebSecurity       : You are asking Spring Security to ignore Deferred [Mvc [pattern='/images/**'], Ant [pattern='/images/**']]. This is not recommended -- please use permitAll via HttpSecurity#authorizeHttpRequests instead.
2025-07-14T18:29:23.468+01:00  WARN 19044 --- [ShopmeBackEnd] [restartedMain] o.s.s.c.a.web.builders.WebSecurity       : You are asking Spring Security to ignore Deferred [Mvc [pattern='/js/**'], Ant [pattern='/js/**']]. This is not recommended -- please use permitAll via HttpSecurity#authorizeHttpRequests instead.
2025-07-14T18:29:23.468+01:00  WARN 19044 --- [ShopmeBackEnd] [restartedMain] o.s.s.c.a.web.builders.WebSecurity       : You are asking Spring Security to ignore Deferred [Mvc [pattern='/webjars/**'], Ant [pattern='/webjars/**']]. This is not recommended -- please use permitAll via HttpSecurity#authorizeHttpRequests instead.
2025-07-14T18:29:23.495+01:00  INFO 19044 --- [ShopmeBackEnd] [restartedMain] o.s.b.d.a.OptionalLiveReloadServer       : LiveReload server is running on port 35729
2025-07-14T18:29:23.501+01:00  INFO 19044 --- [ShopmeBackEnd] [restartedMain] o.s.b.w.embedded.tomcat.TomcatWebServer  : Tomcat started on port 8080 (http) with context path '/ShopmeAdmin'
2025-07-14T18:29:23.503+01:00  INFO 19044 --- [ShopmeBackEnd] [restartedMain] c.shopme.admin.ShopmeBackEndApplication  : Started ShopmeBackEndApplication in 0.497 seconds (process running for 2637.971)
2025-07-14T18:29:23.504+01:00  INFO 19044 --- [ShopmeBackEnd] [restartedMain] .ConditionEvaluationDeltaLoggingListener : Condition evaluation unchanged
2025-07-14T18:29:55.622+01:00  INFO 19044 --- [ShopmeBackEnd] [RMI TCP Connection(77)-127.0.0.1] inMXBeanRegistrar$SpringApplicationAdmin : Application shutdown requested.
2025-07-14T18:29:55.623+01:00  INFO 19044 --- [ShopmeBackEnd] [RMI TCP Connection(77)-127.0.0.1] o.s.b.w.e.tomcat.GracefulShutdown        : Commencing graceful shutdown. Waiting for active requests to complete
2025-07-14T18:29:55.641+01:00  INFO 19044 --- [ShopmeBackEnd] [tomcat-shutdown] o.s.b.w.e.tomcat.GracefulShutdown        : Graceful shutdown complete
2025-07-14T18:29:55.642+01:00  INFO 19044 --- [ShopmeBackEnd] [RMI TCP Connection(77)-127.0.0.1] j.LocalContainerEntityManagerFactoryBean : Closing JPA EntityManagerFactory for persistence unit 'default'
2025-07-14T18:29:55.643+01:00  INFO 19044 --- [ShopmeBackEnd] [RMI TCP Connection(77)-127.0.0.1] com.zaxxer.hikari.HikariDataSource       : HikariPool-9 - Shutdown initiated...
2025-07-14T18:29:55.645+01:00  INFO 19044 --- [ShopmeBackEnd] [RMI TCP Connection(77)-127.0.0.1] com.zaxxer.hikari.HikariDataSource       : HikariPool-9 - Shutdown completed.
2025-07-14T18:29:57.272+01:00  INFO 7948 --- [ShopmeBackEnd] [restartedMain] c.shopme.admin.ShopmeBackEndApplication  : Starting ShopmeBackEndApplication using Java 21.0.6 with PID 7948 (D:\ShopmeEcommerce\ShopmeProject\ShopmeWebParent\ShopmeBackEnd\target\classes started by khay in D:\ShopmeEcommerce\ShopmeProject\ShopmeWebParent\ShopmeBackEnd)
2025-07-14T18:29:57.274+01:00  INFO 7948 --- [ShopmeBackEnd] [restartedMain] c.shopme.admin.ShopmeBackEndApplication  : No active profile set, falling back to 1 default profile: "default"
2025-07-14T18:29:57.309+01:00  INFO 7948 --- [ShopmeBackEnd] [restartedMain] .e.DevToolsPropertyDefaultsPostProcessor : Devtools property defaults active! Set 'spring.devtools.add-properties' to 'false' to disable
2025-07-14T18:29:57.309+01:00  INFO 7948 --- [ShopmeBackEnd] [restartedMain] .e.DevToolsPropertyDefaultsPostProcessor : For additional web related logging consider setting the 'logging.level.web' property to 'DEBUG'
2025-07-14T18:29:57.759+01:00  INFO 7948 --- [ShopmeBackEnd] [restartedMain] .s.d.r.c.RepositoryConfigurationDelegate : Bootstrapping Spring Data JPA repositories in DEFAULT mode.
2025-07-14T18:29:57.803+01:00  INFO 7948 --- [ShopmeBackEnd] [restartedMain] .s.d.r.c.RepositoryConfigurationDelegate : Finished Spring Data repository scanning in 36 ms. Found 2 JPA repository interfaces.
2025-07-14T18:29:58.218+01:00  INFO 7948 --- [ShopmeBackEnd] [restartedMain] o.s.b.w.embedded.tomcat.TomcatWebServer  : Tomcat initialized with port 8080 (http)
2025-07-14T18:29:58.230+01:00  INFO 7948 --- [ShopmeBackEnd] [restartedMain] o.apache.catalina.core.StandardService   : Starting service [Tomcat]
2025-07-14T18:29:58.230+01:00  INFO 7948 --- [ShopmeBackEnd] [restartedMain] o.apache.catalina.core.StandardEngine    : Starting Servlet engine: [Apache Tomcat/10.1.34]
2025-07-14T18:29:58.267+01:00  INFO 7948 --- [ShopmeBackEnd] [restartedMain] o.a.c.c.C.[.[localhost].[/ShopmeAdmin]   : Initializing Spring embedded WebApplicationContext
2025-07-14T18:29:58.267+01:00  INFO 7948 --- [ShopmeBackEnd] [restartedMain] w.s.c.ServletWebServerApplicationContext : Root WebApplicationContext: initialization completed in 957 ms
2025-07-14T18:29:58.411+01:00  INFO 7948 --- [ShopmeBackEnd] [restartedMain] o.hibernate.jpa.internal.util.LogHelper  : HHH000204: Processing PersistenceUnitInfo [name: default]
2025-07-14T18:29:58.480+01:00  INFO 7948 --- [ShopmeBackEnd] [restartedMain] org.hibernate.Version                    : HHH000412: Hibernate ORM core version 6.6.4.Final
2025-07-14T18:29:58.513+01:00  INFO 7948 --- [ShopmeBackEnd] [restartedMain] o.h.c.internal.RegionFactoryInitiator    : HHH000026: Second-level cache disabled
2025-07-14T18:29:58.756+01:00  INFO 7948 --- [ShopmeBackEnd] [restartedMain] o.s.o.j.p.SpringPersistenceUnitInfo      : No LoadTimeWeaver setup: ignoring JPA class transformer
2025-07-14T18:29:58.782+01:00  INFO 7948 --- [ShopmeBackEnd] [restartedMain] com.zaxxer.hikari.HikariDataSource       : HikariPool-1 - Starting...
2025-07-14T18:29:59.026+01:00  INFO 7948 --- [ShopmeBackEnd] [restartedMain] com.zaxxer.hikari.pool.HikariPool        : HikariPool-1 - Added connection com.mysql.cj.jdbc.ConnectionImpl@67301bbf
2025-07-14T18:29:59.027+01:00  INFO 7948 --- [ShopmeBackEnd] [restartedMain] com.zaxxer.hikari.HikariDataSource       : HikariPool-1 - Start completed.
2025-07-14T18:29:59.068+01:00  WARN 7948 --- [ShopmeBackEnd] [restartedMain] org.hibernate.orm.deprecation            : HHH90000025: MySQL8Dialect does not need to be specified explicitly using 'hibernate.dialect' (remove the property setting and it will be selected by default)
2025-07-14T18:29:59.068+01:00  WARN 7948 --- [ShopmeBackEnd] [restartedMain] org.hibernate.orm.deprecation            : HHH90000026: MySQL8Dialect has been deprecated; use org.hibernate.dialect.MySQLDialect instead
2025-07-14T18:29:59.083+01:00  INFO 7948 --- [ShopmeBackEnd] [restartedMain] org.hibernate.orm.connections.pooling    : HHH10001005: Database info:
	Database JDBC URL [Connecting through datasource 'HikariDataSource (HikariPool-1)']
	Database driver: undefined/unknown
	Database version: 8.0
	Autocommit mode: undefined/unknown
	Isolation level: undefined/unknown
	Minimum pool size: undefined/unknown
	Maximum pool size: undefined/unknown
2025-07-14T18:29:59.873+01:00  INFO 7948 --- [ShopmeBackEnd] [restartedMain] o.h.e.t.j.p.i.JtaPlatformInitiator       : HHH000489: No JTA platform available (set 'hibernate.transaction.jta.platform' to enable JTA platform integration)
2025-07-14T18:29:59.942+01:00  INFO 7948 --- [ShopmeBackEnd] [restartedMain] j.LocalContainerEntityManagerFactoryBean : Initialized JPA EntityManagerFactory for persistence unit 'default'
2025-07-14T18:30:00.137+01:00  INFO 7948 --- [ShopmeBackEnd] [restartedMain] o.s.d.j.r.query.QueryEnhancerFactory     : Hibernate is in classpath; If applicable, HQL parser will be used.
2025-07-14T18:30:00.919+01:00  WARN 7948 --- [ShopmeBackEnd] [restartedMain] JpaBaseConfiguration$JpaWebConfiguration : spring.jpa.open-in-view is enabled by default. Therefore, database queries may be performed during view rendering. Explicitly configure spring.jpa.open-in-view to disable this warning
2025-07-14T18:30:00.942+01:00  INFO 7948 --- [ShopmeBackEnd] [restartedMain] eAuthenticationProviderManagerConfigurer : Global AuthenticationManager configured with AuthenticationProvider bean with name authenticationProvider
2025-07-14T18:30:00.944+01:00  WARN 7948 --- [ShopmeBackEnd] [restartedMain] r$InitializeUserDetailsManagerConfigurer : Global AuthenticationManager configured with an AuthenticationProvider bean. UserDetailsService beans will not be used by Spring Security for automatically configuring username/password login. Consider removing the AuthenticationProvider bean. Alternatively, consider using the UserDetailsService in a manually instantiated DaoAuthenticationProvider. If the current configuration is intentional, to turn off this warning, increase the logging level of 'org.springframework.security.config.annotation.authentication.configuration.InitializeUserDetailsBeanManagerConfigurer' to ERROR
2025-07-14T18:30:00.998+01:00  INFO 7948 --- [ShopmeBackEnd] [restartedMain] o.s.b.a.w.s.WelcomePageHandlerMapping    : Adding welcome page template: index
2025-07-14T18:30:01.305+01:00  WARN 7948 --- [ShopmeBackEnd] [restartedMain] o.s.s.c.a.web.builders.WebSecurity       : You are asking Spring Security to ignore Deferred [Mvc [pattern='/images/**'], Ant [pattern='/images/**']]. This is not recommended -- please use permitAll via HttpSecurity#authorizeHttpRequests instead.
2025-07-14T18:30:01.305+01:00  WARN 7948 --- [ShopmeBackEnd] [restartedMain] o.s.s.c.a.web.builders.WebSecurity       : You are asking Spring Security to ignore Deferred [Mvc [pattern='/js/**'], Ant [pattern='/js/**']]. This is not recommended -- please use permitAll via HttpSecurity#authorizeHttpRequests instead.
2025-07-14T18:30:01.305+01:00  WARN 7948 --- [ShopmeBackEnd] [restartedMain] o.s.s.c.a.web.builders.WebSecurity       : You are asking Spring Security to ignore Deferred [Mvc [pattern='/webjars/**'], Ant [pattern='/webjars/**']]. This is not recommended -- please use permitAll via HttpSecurity#authorizeHttpRequests instead.
2025-07-14T18:30:01.481+01:00  INFO 7948 --- [ShopmeBackEnd] [restartedMain] o.s.b.d.a.OptionalLiveReloadServer       : LiveReload server is running on port 35729
2025-07-14T18:30:01.510+01:00  INFO 7948 --- [ShopmeBackEnd] [restartedMain] o.s.b.w.embedded.tomcat.TomcatWebServer  : Tomcat started on port 8080 (http) with context path '/ShopmeAdmin'
2025-07-14T18:30:01.515+01:00  INFO 7948 --- [ShopmeBackEnd] [restartedMain] c.shopme.admin.ShopmeBackEndApplication  : Started ShopmeBackEndApplication in 4.505 seconds (process running for 4.954)
2025-07-14T18:30:06.665+01:00  INFO 7948 --- [ShopmeBackEnd] [http-nio-8080-exec-1] o.a.c.c.C.[.[localhost].[/ShopmeAdmin]   : Initializing Spring DispatcherServlet 'dispatcherServlet'
2025-07-14T18:30:06.665+01:00  INFO 7948 --- [ShopmeBackEnd] [http-nio-8080-exec-1] o.s.web.servlet.DispatcherServlet        : Initializing Servlet 'dispatcherServlet'
2025-07-14T18:30:06.667+01:00  INFO 7948 --- [ShopmeBackEnd] [http-nio-8080-exec-1] o.s.web.servlet.DispatcherServlet        : Completed initialization in 2 ms
2025-07-14T18:30:07.101+01:00  WARN 7948 --- [ShopmeBackEnd] [http-nio-8080-exec-2] actStandardFragmentInsertionTagProcessor : [THYMELEAF][http-nio-8080-exec-2][index] Deprecated unwrapped fragment expression "fragments :: page_head('Home - Shopme Admin')" found in template index, line 4, col 7. Please use the complete syntax of fragment expressions instead ("~{fragments :: page_head('Home - Shopme Admin')}"). The old, unwrapped syntax for fragment expressions will be removed in future versions of Thymeleaf.
2025-07-14T18:30:07.228+01:00  WARN 7948 --- [ShopmeBackEnd] [http-nio-8080-exec-2] actStandardFragmentInsertionTagProcessor : [THYMELEAF][http-nio-8080-exec-2][index] Deprecated unwrapped fragment expression "navigation :: menu" found in template index, line 8, col 8. Please use the complete syntax of fragment expressions instead ("~{navigation :: menu}"). The old, unwrapped syntax for fragment expressions will be removed in future versions of Thymeleaf.
2025-07-14T18:30:07.271+01:00  WARN 7948 --- [ShopmeBackEnd] [http-nio-8080-exec-2] actStandardFragmentInsertionTagProcessor : [THYMELEAF][http-nio-8080-exec-2][index] Deprecated unwrapped fragment expression "fragments :: footer" found in template index, line 16, col 8. Please use the complete syntax of fragment expressions instead ("~{fragments :: footer}"). The old, unwrapped syntax for fragment expressions will be removed in future versions of Thymeleaf.
2025-07-14T18:30:24.217+01:00  WARN 7948 --- [ShopmeBackEnd] [http-nio-8080-exec-1] actStandardFragmentInsertionTagProcessor : [THYMELEAF][http-nio-8080-exec-1][users/users] Deprecated unwrapped fragment expression "fragments :: page_head('Users - Shopme Admin')" found in template users/users, line 4, col 7. Please use the complete syntax of fragment expressions instead ("~{fragments :: page_head('Users - Shopme Admin')}"). The old, unwrapped syntax for fragment expressions will be removed in future versions of Thymeleaf.
2025-07-14T18:30:24.220+01:00  WARN 7948 --- [ShopmeBackEnd] [http-nio-8080-exec-1] actStandardFragmentInsertionTagProcessor : [THYMELEAF][http-nio-8080-exec-1][users/users] Deprecated unwrapped fragment expression "navigation :: menu" found in template users/users, line 8, col 8. Please use the complete syntax of fragment expressions instead ("~{navigation :: menu}"). The old, unwrapped syntax for fragment expressions will be removed in future versions of Thymeleaf.
2025-07-14T18:30:24.241+01:00  WARN 7948 --- [ShopmeBackEnd] [http-nio-8080-exec-1] actStandardFragmentInsertionTagProcessor : [THYMELEAF][http-nio-8080-exec-1][users/users] Deprecated unwrapped fragment expression "fragments :: column_link('id', 'User ID', 'tag')" found in template users/users, line 47, col 12. Please use the complete syntax of fragment expressions instead ("~{fragments :: column_link('id', 'User ID', 'tag')}"). The old, unwrapped syntax for fragment expressions will be removed in future versions of Thymeleaf.
2025-07-14T18:30:24.247+01:00  WARN 7948 --- [ShopmeBackEnd] [http-nio-8080-exec-1] actStandardFragmentInsertionTagProcessor : [THYMELEAF][http-nio-8080-exec-1][users/users] Deprecated unwrapped fragment expression "fragments :: column_link('email', 'Email', 'tag')" found in template users/users, line 51, col 12. Please use the complete syntax of fragment expressions instead ("~{fragments :: column_link('email', 'Email', 'tag')}"). The old, unwrapped syntax for fragment expressions will be removed in future versions of Thymeleaf.
2025-07-14T18:30:24.252+01:00  WARN 7948 --- [ShopmeBackEnd] [http-nio-8080-exec-1] actStandardFragmentInsertionTagProcessor : [THYMELEAF][http-nio-8080-exec-1][users/users] Deprecated unwrapped fragment expression "fragments :: column_link('firstName', 'First Name', 'none')" found in template users/users, line 53, col 11. Please use the complete syntax of fragment expressions instead ("~{fragments :: column_link('firstName', 'First Name', 'none')}"). The old, unwrapped syntax for fragment expressions will be removed in future versions of Thymeleaf.
2025-07-14T18:30:24.255+01:00  WARN 7948 --- [ShopmeBackEnd] [http-nio-8080-exec-1] actStandardFragmentInsertionTagProcessor : [THYMELEAF][http-nio-8080-exec-1][users/users] Deprecated unwrapped fragment expression "fragments :: column_link('lastName', 'Last Name', 'none')" found in template users/users, line 54, col 11. Please use the complete syntax of fragment expressions instead ("~{fragments :: column_link('lastName', 'Last Name', 'none')}"). The old, unwrapped syntax for fragment expressions will be removed in future versions of Thymeleaf.
2025-07-14T18:30:24.258+01:00  WARN 7948 --- [ShopmeBackEnd] [http-nio-8080-exec-1] actStandardFragmentInsertionTagProcessor : [THYMELEAF][http-nio-8080-exec-1][users/users] Deprecated unwrapped fragment expression "fragments :: column_link('enabled', 'Enabled', 'none')" found in template users/users, line 56, col 11. Please use the complete syntax of fragment expressions instead ("~{fragments :: column_link('enabled', 'Enabled', 'none')}"). The old, unwrapped syntax for fragment expressions will be removed in future versions of Thymeleaf.
2025-07-14T18:30:24.289+01:00  WARN 7948 --- [ShopmeBackEnd] [http-nio-8080-exec-1] actStandardFragmentInsertionTagProcessor : [THYMELEAF][http-nio-8080-exec-1][users/users] Deprecated unwrapped fragment expression "fragments :: page_link(1, 'First')" found in template users/users, line 134, col 10. Please use the complete syntax of fragment expressions instead ("~{fragments :: page_link(1, 'First')}"). The old, unwrapped syntax for fragment expressions will be removed in future versions of Thymeleaf.
2025-07-14T18:30:24.291+01:00  WARN 7948 --- [ShopmeBackEnd] [http-nio-8080-exec-1] actStandardFragmentInsertionTagProcessor : [THYMELEAF][http-nio-8080-exec-1][users/users] Deprecated unwrapped fragment expression "fragments :: page_link(${currentPage - 1}, 'Previous')" found in template users/users, line 137, col 10. Please use the complete syntax of fragment expressions instead ("~{fragments :: page_link(${currentPage - 1}, 'Previous')}"). The old, unwrapped syntax for fragment expressions will be removed in future versions of Thymeleaf.
2025-07-14T18:30:24.296+01:00  WARN 7948 --- [ShopmeBackEnd] [http-nio-8080-exec-1] actStandardFragmentInsertionTagProcessor : [THYMELEAF][http-nio-8080-exec-1][users/users] Deprecated unwrapped fragment expression "fragments :: page_link(${i}, ${i})" found in template users/users, line 141, col 10. Please use the complete syntax of fragment expressions instead ("~{fragments :: page_link(${i}, ${i})}"). The old, unwrapped syntax for fragment expressions will be removed in future versions of Thymeleaf.
2025-07-14T18:30:24.299+01:00  WARN 7948 --- [ShopmeBackEnd] [http-nio-8080-exec-1] actStandardFragmentInsertionTagProcessor : [THYMELEAF][http-nio-8080-exec-1][users/users] Deprecated unwrapped fragment expression "fragments :: page_link(${i}, ${i})" found in template users/users, line 141, col 10. Please use the complete syntax of fragment expressions instead ("~{fragments :: page_link(${i}, ${i})}"). The old, unwrapped syntax for fragment expressions will be removed in future versions of Thymeleaf.
2025-07-14T18:30:24.306+01:00  WARN 7948 --- [ShopmeBackEnd] [http-nio-8080-exec-1] actStandardFragmentInsertionTagProcessor : [THYMELEAF][http-nio-8080-exec-1][users/users] Deprecated unwrapped fragment expression "fragments :: page_link(${i}, ${i})" found in template users/users, line 141, col 10. Please use the complete syntax of fragment expressions instead ("~{fragments :: page_link(${i}, ${i})}"). The old, unwrapped syntax for fragment expressions will be removed in future versions of Thymeleaf.
2025-07-14T18:30:24.306+01:00  WARN 7948 --- [ShopmeBackEnd] [http-nio-8080-exec-1] actStandardFragmentInsertionTagProcessor : [THYMELEAF][http-nio-8080-exec-1][users/users] Deprecated unwrapped fragment expression "fragments :: page_link(${i}, ${i})" found in template users/users, line 141, col 10. Please use the complete syntax of fragment expressions instead ("~{fragments :: page_link(${i}, ${i})}"). The old, unwrapped syntax for fragment expressions will be removed in future versions of Thymeleaf.
2025-07-14T18:30:24.312+01:00  WARN 7948 --- [ShopmeBackEnd] [http-nio-8080-exec-1] actStandardFragmentInsertionTagProcessor : [THYMELEAF][http-nio-8080-exec-1][users/users] Deprecated unwrapped fragment expression "fragments :: page_link(${i}, ${i})" found in template users/users, line 141, col 10. Please use the complete syntax of fragment expressions instead ("~{fragments :: page_link(${i}, ${i})}"). The old, unwrapped syntax for fragment expressions will be removed in future versions of Thymeleaf.
2025-07-14T18:30:24.313+01:00  WARN 7948 --- [ShopmeBackEnd] [http-nio-8080-exec-1] actStandardFragmentInsertionTagProcessor : [THYMELEAF][http-nio-8080-exec-1][users/users] Deprecated unwrapped fragment expression "fragments :: page_link(${i}, ${i})" found in template users/users, line 141, col 10. Please use the complete syntax of fragment expressions instead ("~{fragments :: page_link(${i}, ${i})}"). The old, unwrapped syntax for fragment expressions will be removed in future versions of Thymeleaf.
2025-07-14T18:30:24.315+01:00  WARN 7948 --- [ShopmeBackEnd] [http-nio-8080-exec-1] actStandardFragmentInsertionTagProcessor : [THYMELEAF][http-nio-8080-exec-1][users/users] Deprecated unwrapped fragment expression "fragments :: page_link(${currentPage + 1}, 'Next')" found in template users/users, line 144, col 10. Please use the complete syntax of fragment expressions instead ("~{fragments :: page_link(${currentPage + 1}, 'Next')}"). The old, unwrapped syntax for fragment expressions will be removed in future versions of Thymeleaf.
2025-07-14T18:30:24.316+01:00  WARN 7948 --- [ShopmeBackEnd] [http-nio-8080-exec-1] actStandardFragmentInsertionTagProcessor : [THYMELEAF][http-nio-8080-exec-1][users/users] Deprecated unwrapped fragment expression "fragments :: page_link(${totalPages}, 'Last')" found in template users/users, line 147, col 10. Please use the complete syntax of fragment expressions instead ("~{fragments :: page_link(${totalPages}, 'Last')}"). The old, unwrapped syntax for fragment expressions will be removed in future versions of Thymeleaf.
2025-07-14T18:30:24.318+01:00  WARN 7948 --- [ShopmeBackEnd] [http-nio-8080-exec-1] actStandardFragmentInsertionTagProcessor : [THYMELEAF][http-nio-8080-exec-1][users/users] Deprecated unwrapped fragment expression "fragments :: footer" found in template users/users, line 174, col 8. Please use the complete syntax of fragment expressions instead ("~{fragments :: footer}"). The old, unwrapped syntax for fragment expressions will be removed in future versions of Thymeleaf.
2025-07-14T18:30:26.679+01:00  WARN 7948 --- [ShopmeBackEnd] [http-nio-8080-exec-7] actStandardFragmentInsertionTagProcessor : [THYMELEAF][http-nio-8080-exec-7][users/user_form] Deprecated unwrapped fragment expression "fragments :: page_head(${pageTitle})" found in template users/user_form, line 4, col 7. Please use the complete syntax of fragment expressions instead ("~{fragments :: page_head(${pageTitle})}"). The old, unwrapped syntax for fragment expressions will be removed in future versions of Thymeleaf.
2025-07-14T18:30:26.682+01:00  WARN 7948 --- [ShopmeBackEnd] [http-nio-8080-exec-7] actStandardFragmentInsertionTagProcessor : [THYMELEAF][http-nio-8080-exec-7][users/user_form] Deprecated unwrapped fragment expression "navigation :: menu" found in template users/user_form, line 9, col 8. Please use the complete syntax of fragment expressions instead ("~{navigation :: menu}"). The old, unwrapped syntax for fragment expressions will be removed in future versions of Thymeleaf.
2025-07-14T18:30:26.734+01:00  WARN 7948 --- [ShopmeBackEnd] [http-nio-8080-exec-7] actStandardFragmentInsertionTagProcessor : [THYMELEAF][http-nio-8080-exec-7][users/user_form] Deprecated unwrapped fragment expression "fragments :: footer" found in template users/user_form, line 108, col 8. Please use the complete syntax of fragment expressions instead ("~{fragments :: footer}"). The old, unwrapped syntax for fragment expressions will be removed in future versions of Thymeleaf.
2025-07-14T18:31:15.210+01:00 ERROR 7948 --- [ShopmeBackEnd] [http-nio-8080-exec-1] com.shopme.admin.FileUploadUtil          : Could not list directory: user-photos\26
2025-07-14T18:31:15.266+01:00  WARN 7948 --- [ShopmeBackEnd] [http-nio-8080-exec-5] actStandardFragmentInsertionTagProcessor : [THYMELEAF][http-nio-8080-exec-5][users/users] Deprecated unwrapped fragment expression "fragments :: page_head('Users - Shopme Admin')" found in template users/users, line 4, col 7. Please use the complete syntax of fragment expressions instead ("~{fragments :: page_head('Users - Shopme Admin')}"). The old, unwrapped syntax for fragment expressions will be removed in future versions of Thymeleaf.
2025-07-14T18:31:15.269+01:00  WARN 7948 --- [ShopmeBackEnd] [http-nio-8080-exec-5] actStandardFragmentInsertionTagProcessor : [THYMELEAF][http-nio-8080-exec-5][users/users] Deprecated unwrapped fragment expression "navigation :: menu" found in template users/users, line 8, col 8. Please use the complete syntax of fragment expressions instead ("~{navigation :: menu}"). The old, unwrapped syntax for fragment expressions will be removed in future versions of Thymeleaf.
2025-07-14T18:31:15.285+01:00  WARN 7948 --- [ShopmeBackEnd] [http-nio-8080-exec-5] actStandardFragmentInsertionTagProcessor : [THYMELEAF][http-nio-8080-exec-5][users/users] Deprecated unwrapped fragment expression "fragments :: column_link('id', 'User ID', 'tag')" found in template users/users, line 47, col 12. Please use the complete syntax of fragment expressions instead ("~{fragments :: column_link('id', 'User ID', 'tag')}"). The old, unwrapped syntax for fragment expressions will be removed in future versions of Thymeleaf.
2025-07-14T18:31:15.286+01:00  WARN 7948 --- [ShopmeBackEnd] [http-nio-8080-exec-5] actStandardFragmentInsertionTagProcessor : [THYMELEAF][http-nio-8080-exec-5][users/users] Deprecated unwrapped fragment expression "fragments :: column_link('email', 'Email', 'tag')" found in template users/users, line 51, col 12. Please use the complete syntax of fragment expressions instead ("~{fragments :: column_link('email', 'Email', 'tag')}"). The old, unwrapped syntax for fragment expressions will be removed in future versions of Thymeleaf.
2025-07-14T18:31:15.289+01:00  WARN 7948 --- [ShopmeBackEnd] [http-nio-8080-exec-5] actStandardFragmentInsertionTagProcessor : [THYMELEAF][http-nio-8080-exec-5][users/users] Deprecated unwrapped fragment expression "fragments :: column_link('firstName', 'First Name', 'none')" found in template users/users, line 53, col 11. Please use the complete syntax of fragment expressions instead ("~{fragments :: column_link('firstName', 'First Name', 'none')}"). The old, unwrapped syntax for fragment expressions will be removed in future versions of Thymeleaf.
2025-07-14T18:31:15.291+01:00  WARN 7948 --- [ShopmeBackEnd] [http-nio-8080-exec-5] actStandardFragmentInsertionTagProcessor : [THYMELEAF][http-nio-8080-exec-5][users/users] Deprecated unwrapped fragment expression "fragments :: column_link('lastName', 'Last Name', 'none')" found in template users/users, line 54, col 11. Please use the complete syntax of fragment expressions instead ("~{fragments :: column_link('lastName', 'Last Name', 'none')}"). The old, unwrapped syntax for fragment expressions will be removed in future versions of Thymeleaf.
2025-07-14T18:31:15.293+01:00  WARN 7948 --- [ShopmeBackEnd] [http-nio-8080-exec-5] actStandardFragmentInsertionTagProcessor : [THYMELEAF][http-nio-8080-exec-5][users/users] Deprecated unwrapped fragment expression "fragments :: column_link('enabled', 'Enabled', 'none')" found in template users/users, line 56, col 11. Please use the complete syntax of fragment expressions instead ("~{fragments :: column_link('enabled', 'Enabled', 'none')}"). The old, unwrapped syntax for fragment expressions will be removed in future versions of Thymeleaf.
2025-07-14T18:31:15.301+01:00  WARN 7948 --- [ShopmeBackEnd] [http-nio-8080-exec-5] actStandardFragmentInsertionTagProcessor : [THYMELEAF][http-nio-8080-exec-5][users/users] Deprecated unwrapped fragment expression "fragments :: footer" found in template users/users, line 174, col 8. Please use the complete syntax of fragment expressions instead ("~{fragments :: footer}"). The old, unwrapped syntax for fragment expressions will be removed in future versions of Thymeleaf.
2025-07-14T18:35:43.854+01:00  INFO 7948 --- [ShopmeBackEnd] [File Watcher] rtingClassPathChangeChangedEventListener : Restarting due to 1 class path change (0 additions, 0 deletions, 1 modification)
2025-07-14T18:35:43.858+01:00  INFO 7948 --- [ShopmeBackEnd] [Thread-5] o.s.b.w.e.tomcat.GracefulShutdown        : Commencing graceful shutdown. Waiting for active requests to complete
2025-07-14T18:35:43.884+01:00  INFO 7948 --- [ShopmeBackEnd] [tomcat-shutdown] o.s.b.w.e.tomcat.GracefulShutdown        : Graceful shutdown complete
2025-07-14T18:35:43.889+01:00  INFO 7948 --- [ShopmeBackEnd] [Thread-5] j.LocalContainerEntityManagerFactoryBean : Closing JPA EntityManagerFactory for persistence unit 'default'
2025-07-14T18:35:43.892+01:00  INFO 7948 --- [ShopmeBackEnd] [Thread-5] com.zaxxer.hikari.HikariDataSource       : HikariPool-1 - Shutdown initiated...
2025-07-14T18:35:43.898+01:00  INFO 7948 --- [ShopmeBackEnd] [Thread-5] com.zaxxer.hikari.HikariDataSource       : HikariPool-1 - Shutdown completed.
